<?xml version="1.0" encoding="UTF-8"?>
<testng-results skipped="0" failed="0" total="1" passed="1">
  <reporter-output>
  </reporter-output>
  <suite name="PharmEasy Suite" duration-ms="53304" started-at="2018-08-23T12:12:32Z" finished-at="2018-08-23T12:13:25Z">
    <groups>
      <group name="cucumber">
        <method signature="AbstractTestNGCucumberTests.feature(cucumber.api.testng.CucumberFeatureWrapper)[pri:0, instance:com.testrunner.TestRunner@335eadca]" name="feature" class="cucumber.api.testng.AbstractTestNGCucumberTests"/>
      </group> <!-- cucumber -->
    </groups>
    <test name="PharmEasy Test" duration-ms="53304" started-at="2018-08-23T12:12:32Z" finished-at="2018-08-23T12:13:25Z">
      <class name="com.testrunner.TestRunner">
        <test-method status="PASS" signature="setUpClass()[pri:0, instance:com.testrunner.TestRunner@335eadca]" name="setUpClass" is-config="true" duration-ms="170" started-at="2018-08-23T17:42:32Z" finished-at="2018-08-23T17:42:32Z">
          <reporter-output>
          </reporter-output>
        </test-method> <!-- setUpClass -->
        <test-method status="PASS" signature="beforeSetup(java.lang.String, java.lang.String, java.lang.String, java.lang.String, java.lang.String, java.lang.String, java.lang.String, java.lang.String, java.lang.String, java.lang.String)[pri:0, instance:com.testrunner.TestRunner@335eadca]" name="beforeSetup" is-config="true" duration-ms="30424" started-at="2018-08-23T17:42:32Z" finished-at="2018-08-23T17:43:03Z">
          <params>
            <param index="0">
              <value>
                <![CDATA[Device]]>
              </value>
            </param>
            <param index="1">
              <value>
                <![CDATA[Moto G5 Plus]]>
              </value>
            </param>
            <param index="2">
              <value>
                <![CDATA[Android]]>
              </value>
            </param>
            <param index="3">
              <value>
                <![CDATA[7.0]]>
              </value>
            </param>
            <param index="4">
              <value>
                <![CDATA[]]>
              </value>
            </param>
            <param index="5">
              <value>
                <![CDATA[]]>
              </value>
            </param>
            <param index="6">
              <value>
                <![CDATA[/resources/Insiderin.apk]]>
              </value>
            </param>
            <param index="7">
              <value>
                <![CDATA[127.0.0.1]]>
              </value>
            </param>
            <param index="8">
              <value>
                <![CDATA[ZY223XL54B]]>
              </value>
            </param>
            <param index="9">
              <value>
                <![CDATA[4723]]>
              </value>
            </param>
          </params>
          <reporter-output>
          </reporter-output>
        </test-method> <!-- beforeSetup -->
        <test-method status="PASS" signature="feature(cucumber.api.testng.CucumberFeatureWrapper)[pri:0, instance:com.testrunner.TestRunner@335eadca]" name="feature" duration-ms="21764" started-at="2018-08-23T17:43:03Z" description="Runs Cucumber Feature" data-provider="features" finished-at="2018-08-23T17:43:25Z">
          <params>
            <param index="0">
              <value>
                <![CDATA[UI Functional Test]]>
              </value>
            </param>
          </params>
          <reporter-output>
          </reporter-output>
        </test-method> <!-- feature -->
        <test-method status="PASS" signature="shutDown()[pri:0, instance:com.testrunner.TestRunner@335eadca]" name="shutDown" is-config="true" duration-ms="878" started-at="2018-08-23T17:43:25Z" finished-at="2018-08-23T17:43:25Z">
          <reporter-output>
          </reporter-output>
        </test-method> <!-- shutDown -->
        <test-method status="PASS" signature="tearDownClass()[pri:0, instance:com.testrunner.TestRunner@335eadca]" name="tearDownClass" is-config="true" duration-ms="12" started-at="2018-08-23T17:43:25Z" finished-at="2018-08-23T17:43:25Z">
          <reporter-output>
          </reporter-output>
        </test-method> <!-- tearDownClass -->
      </class> <!-- com.testrunner.TestRunner -->
    </test> <!-- PharmEasy Test -->
  </suite> <!-- PharmEasy Suite -->
</testng-results>
